<?xml version="1.0" encoding="UTF-8"?>
<!-- Generated by org.testng.reporters.JUnitReportReporter -->
<testsuite hostname="LAPTOP-7R01RQV9" failures="0" tests="1" name="com.demo.TestCRUD" time="4.033" errors="0" timestamp="2022-10-03T10:54:06 WIB" skipped="0">
  <testcase classname="com.demo.TestCRUD" name="mobilePrepaidPurchase" time="4.033"/>
  <system-out/>
</testsuite> <!-- com.demo.TestCRUD -->
