<?xml version="1.0" encoding="UTF-8"?>
<!-- Generated by org.testng.reporters.JUnitReportReporter -->
<testsuite hostname="LAPTOP-7R01RQV9" failures="0" tests="1" name="com.testng.api.sample.PutMethod" time="0.096" errors="0" timestamp="2023-02-08T14:24:36 WIB" skipped="0">
  <testcase classname="com.testng.api.sample.PutMethod" name="putMethod" time="0.096"/>
  <system-out/>
</testsuite> <!-- com.testng.api.sample.PutMethod -->
