<?xml version="1.0" encoding="UTF-8"?>
<!-- Generated by org.testng.reporters.JUnitReportReporter -->
<testsuite hostname="LAPTOP-7R01RQV9" failures="0" tests="1" name="com.testng.api.sample.PostMethod" time="1.761" errors="0" timestamp="2023-02-07T16:43:16 WIB" skipped="0">
  <testcase classname="com.testng.api.sample.PostMethod" name="postMethod" time="1.761"/>
  <system-out/>
</testsuite> <!-- com.testng.api.sample.PostMethod -->
