<?xml version="1.0" encoding="UTF-8"?>
<!-- Generated by org.testng.reporters.JUnitReportReporter -->
<testsuite hostname="LAPTOP-7R01RQV9" failures="0" tests="1" name="com.testng.apitesting.basic.PostMethod" time="1.181" errors="0" timestamp="2023-05-09T14:04:19 WIB" skipped="0">
  <testcase classname="com.testng.apitesting.basic.PostMethod" name="hitPostMethod" time="1.181"/>
  <system-out/>
</testsuite> <!-- com.testng.apitesting.basic.PostMethod -->
