<?xml version="1.0" encoding="UTF-8"?>
<!-- Generated by org.testng.reporters.JUnitReportReporter -->
<testsuite hostname="LAPTOP-7R01RQV9" failures="0" tests="1" name="com.demo.MobilePrepaidPurchase" time="10.026" errors="0" timestamp="2023-02-02T11:18:02 WIB" skipped="0">
  <testcase classname="com.demo.MobilePrepaidPurchase" name="mobilePrepaidPurchase" time="10.026"/>
  <system-out/>
</testsuite> <!-- com.demo.MobilePrepaidPurchase -->
