<?xml version="1.0" encoding="UTF-8"?>
<!-- Generated by org.testng.reporters.JUnitReportReporter -->
<testsuite hostname="LAPTOP-7R01RQV9" failures="0" tests="1" name="com.testng.api.sample.DeleteMethod" time="1.303" errors="0" timestamp="2023-02-13T14:45:01 WIB" skipped="0">
  <testcase classname="com.testng.api.sample.DeleteMethod" name="deleteMethod" time="1.303"/>
  <system-out/>
</testsuite> <!-- com.testng.api.sample.DeleteMethod -->
