<?xml version="1.0" encoding="UTF-8"?>
<!-- Generated by org.testng.reporters.JUnitReportReporter -->
<testsuite hostname="LAPTOP-7R01RQV9" failures="0" tests="1" name="com.testng.api.sample.GetMethod" time="0.976" errors="0" timestamp="2023-02-08T15:14:32 WIB" skipped="0">
  <testcase classname="com.testng.api.sample.GetMethod" name="getMethod" time="0.976"/>
  <system-out/>
</testsuite> <!-- com.testng.api.sample.GetMethod -->
