<?xml version="1.0" encoding="UTF-8"?>
<!-- Generated by org.testng.reporters.JUnitReportReporter -->
<testsuite hostname="LAPTOP-7R01RQV9" failures="0" tests="1" name="com.qa.e2pay.bg.MobilePrepaidPurchase" time="11.171" errors="0" timestamp="2023-02-02T14:27:23 WIB" skipped="0">
  <testcase classname="com.qa.e2pay.bg.MobilePrepaidPurchase" name="mobilePrepaidPurchase" time="11.171"/>
  <system-out/>
</testsuite> <!-- com.qa.e2pay.bg.MobilePrepaidPurchase -->
